Removed Pin From Net: NetName=SH_A Pin=Q1-3
Removed Pin From Net: NetName=SH_B Pin=Q2-3
Removed Pin From Net: NetName=SH_C Pin=Q3-3
Removed Pin From Net: NetName=PGND Pin=Q4-3
Removed Pin From Net: NetName=PGND Pin=Q5-3
Removed Pin From Net: NetName=PGND Pin=Q6-3
Added Pin To Net: NetName=DCBUS Pin=Q1-3
Added Pin To Net: NetName=DCBUS Pin=Q2-3
Added Pin To Net: NetName=DCBUS Pin=Q3-3
Added Pin To Net: NetName=SH_A Pin=Q4-3
Added Pin To Net: NetName=SH_B Pin=Q5-3
Added Pin To Net: NetName=SH_C Pin=Q6-3
Added Member To Class: ClassName=DriverV3.0 Member=Component J1 Pad
Added Member To Class: ClassName=DriverV3.0 Member=Component J2 Pad
Added Member To Class: ClassName=DriverV3.0 Member=Component J3 Pad
Added Member To Class: ClassName=DriverV3.0 Member=Component J6 Pad
Added Member To Class: ClassName=DriverV3.0 Member=Component J7 Pad
Added Member To Class: ClassName=DriverV3.0 Member=Component Q1 HYG006N04LS1TA
Added Member To Class: ClassName=DriverV3.0 Member=Component Q2 HYG006N04LS1TA
Added Member To Class: ClassName=DriverV3.0 Member=Component Q3 HYG006N04LS1TA
Added Member To Class: ClassName=DriverV3.0 Member=Component Q4 HYG006N04LS1TA
Added Member To Class: ClassName=DriverV3.0 Member=Component Q5 HYG006N04LS1TA
Added Member To Class: ClassName=DriverV3.0 Member=Component Q6 HYG006N04LS1TA
Added Member To Class: ClassName=DriverV3.0 Member=Component R6 1mR
Added Member To Class: ClassName=DriverV3.0 Member=Component R7 1mR
Added Member To Class: ClassName=DriverV3.0 Member=Component R8 1mR
