Removed Pin From Net: NetName=U Pin=J1-1
Removed Pin From Net: NetName=U Pin=J1-1
Removed Pin From Net: NetName=U Pin=J1-1
Removed Pin From Net: NetName=U Pin=J1-1
Removed Pin From Net: NetName=U Pin=J1-1
Removed Pin From Net: NetName=U Pin=J1-1
Removed Pin From Net: NetName=U Pin=J1-1
Removed Pin From Net: NetName=U Pin=J1-1
Removed Pin From Net: NetName=U Pin=J1-1
Removed Pin From Net: NetName=V Pin=J2-1
Removed Pin From Net: NetName=V Pin=J2-1
Removed Pin From Net: NetName=V Pin=J2-1
Removed Pin From Net: NetName=V Pin=J2-1
Removed Pin From Net: NetName=V Pin=J2-1
Removed Pin From Net: NetName=V Pin=J2-1
Removed Pin From Net: NetName=V Pin=J2-1
Removed Pin From Net: NetName=V Pin=J2-1
Removed Pin From Net: NetName=V Pin=J2-1
Removed Pin From Net: NetName=W Pin=J3-1
Removed Pin From Net: NetName=W Pin=J3-1
Removed Pin From Net: NetName=W Pin=J3-1
Removed Pin From Net: NetName=W Pin=J3-1
Removed Pin From Net: NetName=W Pin=J3-1
Removed Pin From Net: NetName=W Pin=J3-1
Removed Pin From Net: NetName=W Pin=J3-1
Removed Pin From Net: NetName=W Pin=J3-1
Removed Pin From Net: NetName=W Pin=J3-1
Removed Pin From Net: NetName=DCBUS Pin=J6-1
Removed Pin From Net: NetName=DCBUS Pin=J6-1
Removed Pin From Net: NetName=DCBUS Pin=J6-1
Removed Pin From Net: NetName=DCBUS Pin=J6-1
Removed Pin From Net: NetName=DCBUS Pin=J6-1
Removed Pin From Net: NetName=DCBUS Pin=J6-1
Removed Pin From Net: NetName=DCBUS Pin=J6-1
Removed Pin From Net: NetName=DCBUS Pin=J6-1
Removed Pin From Net: NetName=DCBUS Pin=J6-1
Removed Pin From Net: NetName=PGND Pin=J7-1
Removed Pin From Net: NetName=PGND Pin=J7-1
Removed Pin From Net: NetName=PGND Pin=J7-1
Removed Pin From Net: NetName=PGND Pin=J7-1
Removed Pin From Net: NetName=PGND Pin=J7-1
Removed Pin From Net: NetName=PGND Pin=J7-1
Removed Pin From Net: NetName=PGND Pin=J7-1
Removed Pin From Net: NetName=PGND Pin=J7-1
Removed Pin From Net: NetName=PGND Pin=J7-1
Removed Pin From Net: NetName=SH_A Pin=Q1-2
Removed Pin From Net: NetName=SH_A Pin=Q1-3
Removed Pin From Net: NetName=SH_A Pin=Q1-4
Removed Pin From Net: NetName=SH_A Pin=Q1-5
Removed Pin From Net: NetName=SH_A Pin=Q1-6
Removed Pin From Net: NetName=SH_A Pin=Q1-7
Removed Pin From Net: NetName=SH_A Pin=Q1-8
Removed Pin From Net: NetName=SH_A Pin=Q1-8
Removed Pin From Net: NetName=DCBUS Pin=Q1-9
Removed Pin From Net: NetName=SH_B Pin=Q2-2
Removed Pin From Net: NetName=SH_B Pin=Q2-3
Removed Pin From Net: NetName=SH_B Pin=Q2-4
Removed Pin From Net: NetName=SH_B Pin=Q2-5
Removed Pin From Net: NetName=SH_B Pin=Q2-6
Removed Pin From Net: NetName=SH_B Pin=Q2-7
Removed Pin From Net: NetName=SH_B Pin=Q2-8
Removed Pin From Net: NetName=SH_B Pin=Q2-8
Removed Pin From Net: NetName=DCBUS Pin=Q2-9
Removed Pin From Net: NetName=SH_C Pin=Q3-2
Removed Pin From Net: NetName=SH_C Pin=Q3-3
Removed Pin From Net: NetName=SH_C Pin=Q3-4
Removed Pin From Net: NetName=SH_C Pin=Q3-5
Removed Pin From Net: NetName=SH_C Pin=Q3-6
Removed Pin From Net: NetName=SH_C Pin=Q3-7
Removed Pin From Net: NetName=SH_C Pin=Q3-8
Removed Pin From Net: NetName=SH_C Pin=Q3-8
Removed Pin From Net: NetName=DCBUS Pin=Q3-9
Removed Pin From Net: NetName=PGND Pin=Q4-2
Removed Pin From Net: NetName=PGND Pin=Q4-3
Removed Pin From Net: NetName=PGND Pin=Q4-4
Removed Pin From Net: NetName=PGND Pin=Q4-5
Removed Pin From Net: NetName=PGND Pin=Q4-6
Removed Pin From Net: NetName=PGND Pin=Q4-7
Removed Pin From Net: NetName=PGND Pin=Q4-8
Removed Pin From Net: NetName=PGND Pin=Q4-8
Removed Pin From Net: NetName=SH_A Pin=Q4-9
Removed Pin From Net: NetName=PGND Pin=Q5-2
Removed Pin From Net: NetName=PGND Pin=Q5-3
Removed Pin From Net: NetName=PGND Pin=Q5-4
Removed Pin From Net: NetName=PGND Pin=Q5-5
Removed Pin From Net: NetName=PGND Pin=Q5-6
Removed Pin From Net: NetName=PGND Pin=Q5-7
Removed Pin From Net: NetName=PGND Pin=Q5-8
Removed Pin From Net: NetName=PGND Pin=Q5-8
Removed Pin From Net: NetName=SH_B Pin=Q5-9
Removed Pin From Net: NetName=PGND Pin=Q6-2
Removed Pin From Net: NetName=PGND Pin=Q6-3
Removed Pin From Net: NetName=PGND Pin=Q6-4
Removed Pin From Net: NetName=PGND Pin=Q6-5
Removed Pin From Net: NetName=PGND Pin=Q6-6
Removed Pin From Net: NetName=PGND Pin=Q6-7
Removed Pin From Net: NetName=PGND Pin=Q6-8
Removed Pin From Net: NetName=PGND Pin=Q6-8
Removed Pin From Net: NetName=SH_C Pin=Q6-9
Removed Pin From Net: NetName=SH_A Pin=R6-1
Removed Pin From Net: NetName=U Pin=R6-2
Removed Pin From Net: NetName=SH_B Pin=R7-1
Removed Pin From Net: NetName=V Pin=R7-2
Removed Pin From Net: NetName=SH_C Pin=R8-1
Removed Pin From Net: NetName=W Pin=R8-2
Removed Member From Class: ClassName=Driver Member=J1
Removed Member From Class: ClassName=Driver Member=J2
Removed Member From Class: ClassName=Driver Member=J3
Removed Member From Class: ClassName=Driver Member=J6
Removed Member From Class: ClassName=Driver Member=J7
Removed Member From Class: ClassName=Driver Member=Q1
Removed Member From Class: ClassName=Driver Member=Q2
Removed Member From Class: ClassName=Driver Member=Q3
Removed Member From Class: ClassName=Driver Member=Q4
Removed Member From Class: ClassName=Driver Member=Q5
Removed Member From Class: ClassName=Driver Member=Q6
Removed Member From Class: ClassName=Driver Member=R6
Removed Member From Class: ClassName=Driver Member=R7
Removed Member From Class: ClassName=Driver Member=R8
