Removed Pin From Net: NetName=U Pin=J1-1
Removed Pin From Net: NetName=U Pin=J1-1
Removed Pin From Net: NetName=U Pin=J1-1
Removed Pin From Net: NetName=U Pin=J1-1
Removed Pin From Net: NetName=U Pin=J1-1
Removed Pin From Net: NetName=U Pin=J1-1
Removed Pin From Net: NetName=U Pin=J1-1
Removed Pin From Net: NetName=U Pin=J1-1
Removed Pin From Net: NetName=U Pin=J1-1
Removed Pin From Net: NetName=V Pin=J2-1
Removed Pin From Net: NetName=V Pin=J2-1
Removed Pin From Net: NetName=V Pin=J2-1
Removed Pin From Net: NetName=V Pin=J2-1
Removed Pin From Net: NetName=V Pin=J2-1
Removed Pin From Net: NetName=V Pin=J2-1
Removed Pin From Net: NetName=V Pin=J2-1
Removed Pin From Net: NetName=V Pin=J2-1
Removed Pin From Net: NetName=V Pin=J2-1
Removed Pin From Net: NetName=W Pin=J3-1
Removed Pin From Net: NetName=W Pin=J3-1
Removed Pin From Net: NetName=W Pin=J3-1
Removed Pin From Net: NetName=W Pin=J3-1
Removed Pin From Net: NetName=W Pin=J3-1
Removed Pin From Net: NetName=W Pin=J3-1
Removed Pin From Net: NetName=W Pin=J3-1
Removed Pin From Net: NetName=W Pin=J3-1
Removed Pin From Net: NetName=W Pin=J3-1
Removed Pin From Net: NetName=DCBUS Pin=J6-1
Removed Pin From Net: NetName=DCBUS Pin=J6-1
Removed Pin From Net: NetName=DCBUS Pin=J6-1
Removed Pin From Net: NetName=DCBUS Pin=J6-1
Removed Pin From Net: NetName=DCBUS Pin=J6-1
Removed Pin From Net: NetName=DCBUS Pin=J6-1
Removed Pin From Net: NetName=DCBUS Pin=J6-1
Removed Pin From Net: NetName=DCBUS Pin=J6-1
Removed Pin From Net: NetName=DCBUS Pin=J6-1
Removed Pin From Net: NetName=DCBUS Pin=J6-1
Removed Pin From Net: NetName=DCBUS Pin=J6-1
Removed Pin From Net: NetName=DCBUS Pin=J6-1
Removed Pin From Net: NetName=DCBUS Pin=J6-1
Removed Pin From Net: NetName=DCBUS Pin=J6-1
Removed Pin From Net: NetName=DCBUS Pin=J6-1
Removed Pin From Net: NetName=DCBUS Pin=J6-1
Removed Pin From Net: NetName=DCBUS Pin=J6-1
Removed Pin From Net: NetName=DCBUS Pin=J6-1
Removed Pin From Net: NetName=DCBUS Pin=J6-1
Removed Pin From Net: NetName=DCBUS Pin=J6-1
Removed Pin From Net: NetName=DCBUS Pin=J6-1
Removed Pin From Net: NetName=DCBUS Pin=J6-1
Removed Pin From Net: NetName=DCBUS Pin=J6-1
Removed Pin From Net: NetName=DCBUS Pin=J6-1
Removed Pin From Net: NetName=DCBUS Pin=J6-1
Removed Pin From Net: NetName=PGND Pin=J7-1
Removed Pin From Net: NetName=PGND Pin=J7-1
Removed Pin From Net: NetName=PGND Pin=J7-1
Removed Pin From Net: NetName=PGND Pin=J7-1
Removed Pin From Net: NetName=PGND Pin=J7-1
Removed Pin From Net: NetName=PGND Pin=J7-1
Removed Pin From Net: NetName=PGND Pin=J7-1
Removed Pin From Net: NetName=PGND Pin=J7-1
Removed Pin From Net: NetName=PGND Pin=J7-1
Removed Pin From Net: NetName=PGND Pin=J7-1
Removed Pin From Net: NetName=PGND Pin=J7-1
Removed Pin From Net: NetName=PGND Pin=J7-1
Removed Pin From Net: NetName=PGND Pin=J7-1
Removed Pin From Net: NetName=PGND Pin=J7-1
Removed Pin From Net: NetName=PGND Pin=J7-1
Removed Pin From Net: NetName=PGND Pin=J7-1
Removed Pin From Net: NetName=PGND Pin=J7-1
Removed Pin From Net: NetName=PGND Pin=J7-1
Removed Pin From Net: NetName=PGND Pin=J7-1
Removed Pin From Net: NetName=PGND Pin=J7-1
Removed Pin From Net: NetName=PGND Pin=J7-1
Removed Pin From Net: NetName=PGND Pin=J7-1
Removed Pin From Net: NetName=PGND Pin=J7-1
Removed Pin From Net: NetName=PGND Pin=J7-1
Removed Pin From Net: NetName=PGND Pin=J7-1
Removed Member From Class: ClassName=DriverV3.0 Member=J1
Removed Member From Class: ClassName=DriverV3.0 Member=J2
Removed Member From Class: ClassName=DriverV3.0 Member=J3
Removed Member From Class: ClassName=DriverV3.0 Member=J6
Removed Member From Class: ClassName=DriverV3.0 Member=J7
