Added Component: Designator=J1(PAD)
Added Component: Designator=J2(PAD)
Added Component: Designator=J3(PAD)
Added Component: Designator=J6(PAD)
Added Component: Designator=J7(PAD)
Added Component: Designator=Q1(TOLL)
Add component (AddParameter): Name = "Add into BOM"; Value = "yes"; VariantName = "[No Variations]"
Add component (AddParameter): Name = "Channel ID"; Value = ""; VariantName = "[No Variations]"
Add component (AddParameter): Name = "Continuous Drain Current (Id)"; Value = "600A"; VariantName = "[No Variations]"
Add component (AddParameter): Name = "Convert to PCB"; Value = "yes"; VariantName = "[No Variations]"
Add component (AddParameter): Name = "Datasheet"; Value = "https://atta.szlcsc.com/upload/public/pdf/source/20220321/91BDC8248F772C15069ACBA52C025F8E.pdf"; VariantName = "[No Variations]"
Add component (AddParameter): Name = "Device"; Value = "HYG006N04LS1TA"; VariantName = "[No Variations]"
Add component (AddParameter): Name = "Drain Source On Resistance (RDS(on)@Vgs,Id)"; Value = "0.45mΩ@10V,80A"; VariantName = "[No Variations]"
Add component (AddParameter): Name = "Drain Source Voltage (Vdss)"; Value = "40V"; VariantName = "[No Variations]"
Add component (AddParameter): Name = "Gate Threshold Voltage (Vgs(th)@Id)"; Value = "1.8V@250uA"; VariantName = "[No Variations]"
Add component (AddParameter): Name = "Group ID"; Value = ""; VariantName = "[No Variations]"
Add component (AddParameter): Name = "Input Capacitance (Ciss@Vds)"; Value = "15.4nF@25V"; VariantName = "[No Variations]"
Add component (AddParameter): Name = "JLCPCB Part Class"; Value = "扩展库"; VariantName = "[No Variations]"
Add component (AddParameter): Name = "LCSC Part Name"; Value = "N沟道 40V 600A"; VariantName = "[No Variations]"
Add component (AddParameter): Name = "Manufacturer"; Value = "HUAYI(华羿微)"; VariantName = "[No Variations]"
Add component (AddParameter): Name = "Manufacturer Part"; Value = "HYG006N04LS1TA"; VariantName = "[No Variations]"
Add component (AddParameter): Name = "Name"; Value = ""; VariantName = "[No Variations]"
Add component (AddParameter): Name = "Operating Temperature"; Value = "-55℃~+175℃@(Tj)"; VariantName = "[No Variations]"
Add component (AddParameter): Name = "Power Dissipation (Pd)"; Value = "428W"; VariantName = "[No Variations]"
Add component (AddParameter): Name = "Reuse Block"; Value = ""; VariantName = "[No Variations]"
Add component (AddParameter): Name = "Reverse Transfer Capacitance (Crss@Vds)"; Value = "115pF@25V"; VariantName = "[No Variations]"
Add component (AddParameter): Name = "Supplier"; Value = "LCSC"; VariantName = "[No Variations]"
Add component (AddParameter): Name = "Supplier Footprint"; Value = "TOLL"; VariantName = "[No Variations]"
Add component (AddParameter): Name = "Supplier Part"; Value = "C2982928"; VariantName = "[No Variations]"
Add component (AddParameter): Name = "Symbol"; Value = "HYG006N04LS1TA"; VariantName = "[No Variations]"
Add component (AddParameter): Name = "Total Gate Charge (Qg@Vgs)"; Value = "230nC@10V"; VariantName = "[No Variations]"
Add component (AddParameter): Name = "Type"; Value = "N沟道"; VariantName = "[No Variations]"
Added Component: Designator=Q2(TOLL)
Add component (AddParameter): Name = "Add into BOM"; Value = "yes"; VariantName = "[No Variations]"
Add component (AddParameter): Name = "Channel ID"; Value = ""; VariantName = "[No Variations]"
Add component (AddParameter): Name = "Continuous Drain Current (Id)"; Value = "600A"; VariantName = "[No Variations]"
Add component (AddParameter): Name = "Convert to PCB"; Value = "yes"; VariantName = "[No Variations]"
Add component (AddParameter): Name = "Datasheet"; Value = "https://atta.szlcsc.com/upload/public/pdf/source/20220321/91BDC8248F772C15069ACBA52C025F8E.pdf"; VariantName = "[No Variations]"
Add component (AddParameter): Name = "Device"; Value = "HYG006N04LS1TA"; VariantName = "[No Variations]"
Add component (AddParameter): Name = "Drain Source On Resistance (RDS(on)@Vgs,Id)"; Value = "0.45mΩ@10V,80A"; VariantName = "[No Variations]"
Add component (AddParameter): Name = "Drain Source Voltage (Vdss)"; Value = "40V"; VariantName = "[No Variations]"
Add component (AddParameter): Name = "Gate Threshold Voltage (Vgs(th)@Id)"; Value = "1.8V@250uA"; VariantName = "[No Variations]"
Add component (AddParameter): Name = "Group ID"; Value = ""; VariantName = "[No Variations]"
Add component (AddParameter): Name = "Input Capacitance (Ciss@Vds)"; Value = "15.4nF@25V"; VariantName = "[No Variations]"
Add component (AddParameter): Name = "JLCPCB Part Class"; Value = "扩展库"; VariantName = "[No Variations]"
Add component (AddParameter): Name = "LCSC Part Name"; Value = "N沟道 40V 600A"; VariantName = "[No Variations]"
Add component (AddParameter): Name = "Manufacturer"; Value = "HUAYI(华羿微)"; VariantName = "[No Variations]"
Add component (AddParameter): Name = "Manufacturer Part"; Value = "HYG006N04LS1TA"; VariantName = "[No Variations]"
Add component (AddParameter): Name = "Name"; Value = ""; VariantName = "[No Variations]"
Add component (AddParameter): Name = "Operating Temperature"; Value = "-55℃~+175℃@(Tj)"; VariantName = "[No Variations]"
Add component (AddParameter): Name = "Power Dissipation (Pd)"; Value = "428W"; VariantName = "[No Variations]"
Add component (AddParameter): Name = "Reuse Block"; Value = ""; VariantName = "[No Variations]"
Add component (AddParameter): Name = "Reverse Transfer Capacitance (Crss@Vds)"; Value = "115pF@25V"; VariantName = "[No Variations]"
Add component (AddParameter): Name = "Supplier"; Value = "LCSC"; VariantName = "[No Variations]"
Add component (AddParameter): Name = "Supplier Footprint"; Value = "TOLL"; VariantName = "[No Variations]"
Add component (AddParameter): Name = "Supplier Part"; Value = "C2982928"; VariantName = "[No Variations]"
Add component (AddParameter): Name = "Symbol"; Value = "HYG006N04LS1TA"; VariantName = "[No Variations]"
Add component (AddParameter): Name = "Total Gate Charge (Qg@Vgs)"; Value = "230nC@10V"; VariantName = "[No Variations]"
Add component (AddParameter): Name = "Type"; Value = "N沟道"; VariantName = "[No Variations]"
Added Component: Designator=Q3(TOLL)
Add component (AddParameter): Name = "Add into BOM"; Value = "yes"; VariantName = "[No Variations]"
Add component (AddParameter): Name = "Channel ID"; Value = ""; VariantName = "[No Variations]"
Add component (AddParameter): Name = "Continuous Drain Current (Id)"; Value = "600A"; VariantName = "[No Variations]"
Add component (AddParameter): Name = "Convert to PCB"; Value = "yes"; VariantName = "[No Variations]"
Add component (AddParameter): Name = "Datasheet"; Value = "https://atta.szlcsc.com/upload/public/pdf/source/20220321/91BDC8248F772C15069ACBA52C025F8E.pdf"; VariantName = "[No Variations]"
Add component (AddParameter): Name = "Device"; Value = "HYG006N04LS1TA"; VariantName = "[No Variations]"
Add component (AddParameter): Name = "Drain Source On Resistance (RDS(on)@Vgs,Id)"; Value = "0.45mΩ@10V,80A"; VariantName = "[No Variations]"
Add component (AddParameter): Name = "Drain Source Voltage (Vdss)"; Value = "40V"; VariantName = "[No Variations]"
Add component (AddParameter): Name = "Gate Threshold Voltage (Vgs(th)@Id)"; Value = "1.8V@250uA"; VariantName = "[No Variations]"
Add component (AddParameter): Name = "Group ID"; Value = ""; VariantName = "[No Variations]"
Add component (AddParameter): Name = "Input Capacitance (Ciss@Vds)"; Value = "15.4nF@25V"; VariantName = "[No Variations]"
Add component (AddParameter): Name = "JLCPCB Part Class"; Value = "扩展库"; VariantName = "[No Variations]"
Add component (AddParameter): Name = "LCSC Part Name"; Value = "N沟道 40V 600A"; VariantName = "[No Variations]"
Add component (AddParameter): Name = "Manufacturer"; Value = "HUAYI(华羿微)"; VariantName = "[No Variations]"
Add component (AddParameter): Name = "Manufacturer Part"; Value = "HYG006N04LS1TA"; VariantName = "[No Variations]"
Add component (AddParameter): Name = "Name"; Value = ""; VariantName = "[No Variations]"
Add component (AddParameter): Name = "Operating Temperature"; Value = "-55℃~+175℃@(Tj)"; VariantName = "[No Variations]"
Add component (AddParameter): Name = "Power Dissipation (Pd)"; Value = "428W"; VariantName = "[No Variations]"
Add component (AddParameter): Name = "Reuse Block"; Value = ""; VariantName = "[No Variations]"
Add component (AddParameter): Name = "Reverse Transfer Capacitance (Crss@Vds)"; Value = "115pF@25V"; VariantName = "[No Variations]"
Add component (AddParameter): Name = "Supplier"; Value = "LCSC"; VariantName = "[No Variations]"
Add component (AddParameter): Name = "Supplier Footprint"; Value = "TOLL"; VariantName = "[No Variations]"
Add component (AddParameter): Name = "Supplier Part"; Value = "C2982928"; VariantName = "[No Variations]"
Add component (AddParameter): Name = "Symbol"; Value = "HYG006N04LS1TA"; VariantName = "[No Variations]"
Add component (AddParameter): Name = "Total Gate Charge (Qg@Vgs)"; Value = "230nC@10V"; VariantName = "[No Variations]"
Add component (AddParameter): Name = "Type"; Value = "N沟道"; VariantName = "[No Variations]"
Added Component: Designator=Q4(TOLL)
Add component (AddParameter): Name = "Add into BOM"; Value = "yes"; VariantName = "[No Variations]"
Add component (AddParameter): Name = "Channel ID"; Value = ""; VariantName = "[No Variations]"
Add component (AddParameter): Name = "Continuous Drain Current (Id)"; Value = "600A"; VariantName = "[No Variations]"
Add component (AddParameter): Name = "Convert to PCB"; Value = "yes"; VariantName = "[No Variations]"
Add component (AddParameter): Name = "Datasheet"; Value = "https://atta.szlcsc.com/upload/public/pdf/source/20220321/91BDC8248F772C15069ACBA52C025F8E.pdf"; VariantName = "[No Variations]"
Add component (AddParameter): Name = "Device"; Value = "HYG006N04LS1TA"; VariantName = "[No Variations]"
Add component (AddParameter): Name = "Drain Source On Resistance (RDS(on)@Vgs,Id)"; Value = "0.45mΩ@10V,80A"; VariantName = "[No Variations]"
Add component (AddParameter): Name = "Drain Source Voltage (Vdss)"; Value = "40V"; VariantName = "[No Variations]"
Add component (AddParameter): Name = "Gate Threshold Voltage (Vgs(th)@Id)"; Value = "1.8V@250uA"; VariantName = "[No Variations]"
Add component (AddParameter): Name = "Group ID"; Value = ""; VariantName = "[No Variations]"
Add component (AddParameter): Name = "Input Capacitance (Ciss@Vds)"; Value = "15.4nF@25V"; VariantName = "[No Variations]"
Add component (AddParameter): Name = "JLCPCB Part Class"; Value = "扩展库"; VariantName = "[No Variations]"
Add component (AddParameter): Name = "LCSC Part Name"; Value = "N沟道 40V 600A"; VariantName = "[No Variations]"
Add component (AddParameter): Name = "Manufacturer"; Value = "HUAYI(华羿微)"; VariantName = "[No Variations]"
Add component (AddParameter): Name = "Manufacturer Part"; Value = "HYG006N04LS1TA"; VariantName = "[No Variations]"
Add component (AddParameter): Name = "Name"; Value = ""; VariantName = "[No Variations]"
Add component (AddParameter): Name = "Operating Temperature"; Value = "-55℃~+175℃@(Tj)"; VariantName = "[No Variations]"
Add component (AddParameter): Name = "Power Dissipation (Pd)"; Value = "428W"; VariantName = "[No Variations]"
Add component (AddParameter): Name = "Reuse Block"; Value = ""; VariantName = "[No Variations]"
Add component (AddParameter): Name = "Reverse Transfer Capacitance (Crss@Vds)"; Value = "115pF@25V"; VariantName = "[No Variations]"
Add component (AddParameter): Name = "Supplier"; Value = "LCSC"; VariantName = "[No Variations]"
Add component (AddParameter): Name = "Supplier Footprint"; Value = "TOLL"; VariantName = "[No Variations]"
Add component (AddParameter): Name = "Supplier Part"; Value = "C2982928"; VariantName = "[No Variations]"
Add component (AddParameter): Name = "Symbol"; Value = "HYG006N04LS1TA"; VariantName = "[No Variations]"
Add component (AddParameter): Name = "Total Gate Charge (Qg@Vgs)"; Value = "230nC@10V"; VariantName = "[No Variations]"
Add component (AddParameter): Name = "Type"; Value = "N沟道"; VariantName = "[No Variations]"
Added Component: Designator=Q5(TOLL)
Add component (AddParameter): Name = "Add into BOM"; Value = "yes"; VariantName = "[No Variations]"
Add component (AddParameter): Name = "Channel ID"; Value = ""; VariantName = "[No Variations]"
Add component (AddParameter): Name = "Continuous Drain Current (Id)"; Value = "600A"; VariantName = "[No Variations]"
Add component (AddParameter): Name = "Convert to PCB"; Value = "yes"; VariantName = "[No Variations]"
Add component (AddParameter): Name = "Datasheet"; Value = "https://atta.szlcsc.com/upload/public/pdf/source/20220321/91BDC8248F772C15069ACBA52C025F8E.pdf"; VariantName = "[No Variations]"
Add component (AddParameter): Name = "Device"; Value = "HYG006N04LS1TA"; VariantName = "[No Variations]"
Add component (AddParameter): Name = "Drain Source On Resistance (RDS(on)@Vgs,Id)"; Value = "0.45mΩ@10V,80A"; VariantName = "[No Variations]"
Add component (AddParameter): Name = "Drain Source Voltage (Vdss)"; Value = "40V"; VariantName = "[No Variations]"
Add component (AddParameter): Name = "Gate Threshold Voltage (Vgs(th)@Id)"; Value = "1.8V@250uA"; VariantName = "[No Variations]"
Add component (AddParameter): Name = "Group ID"; Value = ""; VariantName = "[No Variations]"
Add component (AddParameter): Name = "Input Capacitance (Ciss@Vds)"; Value = "15.4nF@25V"; VariantName = "[No Variations]"
Add component (AddParameter): Name = "JLCPCB Part Class"; Value = "扩展库"; VariantName = "[No Variations]"
Add component (AddParameter): Name = "LCSC Part Name"; Value = "N沟道 40V 600A"; VariantName = "[No Variations]"
Add component (AddParameter): Name = "Manufacturer"; Value = "HUAYI(华羿微)"; VariantName = "[No Variations]"
Add component (AddParameter): Name = "Manufacturer Part"; Value = "HYG006N04LS1TA"; VariantName = "[No Variations]"
Add component (AddParameter): Name = "Name"; Value = ""; VariantName = "[No Variations]"
Add component (AddParameter): Name = "Operating Temperature"; Value = "-55℃~+175℃@(Tj)"; VariantName = "[No Variations]"
Add component (AddParameter): Name = "Power Dissipation (Pd)"; Value = "428W"; VariantName = "[No Variations]"
Add component (AddParameter): Name = "Reuse Block"; Value = ""; VariantName = "[No Variations]"
Add component (AddParameter): Name = "Reverse Transfer Capacitance (Crss@Vds)"; Value = "115pF@25V"; VariantName = "[No Variations]"
Add component (AddParameter): Name = "Supplier"; Value = "LCSC"; VariantName = "[No Variations]"
Add component (AddParameter): Name = "Supplier Footprint"; Value = "TOLL"; VariantName = "[No Variations]"
Add component (AddParameter): Name = "Supplier Part"; Value = "C2982928"; VariantName = "[No Variations]"
Add component (AddParameter): Name = "Symbol"; Value = "HYG006N04LS1TA"; VariantName = "[No Variations]"
Add component (AddParameter): Name = "Total Gate Charge (Qg@Vgs)"; Value = "230nC@10V"; VariantName = "[No Variations]"
Add component (AddParameter): Name = "Type"; Value = "N沟道"; VariantName = "[No Variations]"
Added Component: Designator=Q6(TOLL)
Add component (AddParameter): Name = "Add into BOM"; Value = "yes"; VariantName = "[No Variations]"
Add component (AddParameter): Name = "Channel ID"; Value = ""; VariantName = "[No Variations]"
Add component (AddParameter): Name = "Continuous Drain Current (Id)"; Value = "600A"; VariantName = "[No Variations]"
Add component (AddParameter): Name = "Convert to PCB"; Value = "yes"; VariantName = "[No Variations]"
Add component (AddParameter): Name = "Datasheet"; Value = "https://atta.szlcsc.com/upload/public/pdf/source/20220321/91BDC8248F772C15069ACBA52C025F8E.pdf"; VariantName = "[No Variations]"
Add component (AddParameter): Name = "Device"; Value = "HYG006N04LS1TA"; VariantName = "[No Variations]"
Add component (AddParameter): Name = "Drain Source On Resistance (RDS(on)@Vgs,Id)"; Value = "0.45mΩ@10V,80A"; VariantName = "[No Variations]"
Add component (AddParameter): Name = "Drain Source Voltage (Vdss)"; Value = "40V"; VariantName = "[No Variations]"
Add component (AddParameter): Name = "Gate Threshold Voltage (Vgs(th)@Id)"; Value = "1.8V@250uA"; VariantName = "[No Variations]"
Add component (AddParameter): Name = "Group ID"; Value = ""; VariantName = "[No Variations]"
Add component (AddParameter): Name = "Input Capacitance (Ciss@Vds)"; Value = "15.4nF@25V"; VariantName = "[No Variations]"
Add component (AddParameter): Name = "JLCPCB Part Class"; Value = "扩展库"; VariantName = "[No Variations]"
Add component (AddParameter): Name = "LCSC Part Name"; Value = "N沟道 40V 600A"; VariantName = "[No Variations]"
Add component (AddParameter): Name = "Manufacturer"; Value = "HUAYI(华羿微)"; VariantName = "[No Variations]"
Add component (AddParameter): Name = "Manufacturer Part"; Value = "HYG006N04LS1TA"; VariantName = "[No Variations]"
Add component (AddParameter): Name = "Name"; Value = ""; VariantName = "[No Variations]"
Add component (AddParameter): Name = "Operating Temperature"; Value = "-55℃~+175℃@(Tj)"; VariantName = "[No Variations]"
Add component (AddParameter): Name = "Power Dissipation (Pd)"; Value = "428W"; VariantName = "[No Variations]"
Add component (AddParameter): Name = "Reuse Block"; Value = ""; VariantName = "[No Variations]"
Add component (AddParameter): Name = "Reverse Transfer Capacitance (Crss@Vds)"; Value = "115pF@25V"; VariantName = "[No Variations]"
Add component (AddParameter): Name = "Supplier"; Value = "LCSC"; VariantName = "[No Variations]"
Add component (AddParameter): Name = "Supplier Footprint"; Value = "TOLL"; VariantName = "[No Variations]"
Add component (AddParameter): Name = "Supplier Part"; Value = "C2982928"; VariantName = "[No Variations]"
Add component (AddParameter): Name = "Symbol"; Value = "HYG006N04LS1TA"; VariantName = "[No Variations]"
Add component (AddParameter): Name = "Total Gate Charge (Qg@Vgs)"; Value = "230nC@10V"; VariantName = "[No Variations]"
Add component (AddParameter): Name = "Type"; Value = "N沟道"; VariantName = "[No Variations]"
Added Component: Designator=R6(3920R)
Add component (AddParameter): Name = "Add into BOM"; Value = "yes"; VariantName = "[No Variations]"
Add component (AddParameter): Name = "Channel ID"; Value = ""; VariantName = "[No Variations]"
Add component (AddParameter): Name = "Convert to PCB"; Value = "yes"; VariantName = "[No Variations]"
Add component (AddParameter): Name = "Datasheet"; Value = "https://atta.szlcsc.com/upload/public/pdf/source/20231123/B35E1474215435358D1EA89A1F2CD565.pdf"; VariantName = "[No Variations]"
Add component (AddParameter): Name = "Device"; Value = "SEWF3920F1L00P9"; VariantName = "[No Variations]"
Add component (AddParameter): Name = "Group ID"; Value = ""; VariantName = "[No Variations]"
Add component (AddParameter): Name = "JLCPCB Part Class"; Value = "扩展库"; VariantName = "[No Variations]"
Add component (AddParameter): Name = "LCSC Part Name"; Value = "1mΩ ±1% 8W"; VariantName = "[No Variations]"
Add component (AddParameter): Name = "Manufacturer"; Value = "RESI(开步睿思）"; VariantName = "[No Variations]"
Add component (AddParameter): Name = "Manufacturer Part"; Value = "SEWF3920F1L00P9"; VariantName = "[No Variations]"
Add component (AddParameter): Name = "Mounting Sytle"; Value = "贴片"; VariantName = "[No Variations]"
Add component (AddParameter): Name = "Name"; Value = ""; VariantName = "[No Variations]"
Add component (AddParameter): Name = "Power(Watts)"; Value = "8W"; VariantName = "[No Variations]"
Add component (AddParameter): Name = "Reuse Block"; Value = ""; VariantName = "[No Variations]"
Add component (AddParameter): Name = "Supplier"; Value = "LCSC"; VariantName = "[No Variations]"
Add component (AddParameter): Name = "Supplier Footprint"; Value = "3920"; VariantName = "[No Variations]"
Add component (AddParameter): Name = "Supplier Part"; Value = "C5224161"; VariantName = "[No Variations]"
Add component (AddParameter): Name = "Symbol"; Value = "SEWF3920F1L00P9"; VariantName = "[No Variations]"
Add component (AddParameter): Name = "Temperature Coefficient"; Value = "±25ppm/℃"; VariantName = "[No Variations]"
Add component (AddParameter): Name = "Tolerance"; Value = "±1%"; VariantName = "[No Variations]"
Add component (AddParameter): Name = "Type"; Value = "采样电阻"; VariantName = "[No Variations]"
Add component (AddParameter): Name = "Value"; Value = "1mΩ"; VariantName = "[No Variations]"
Added Component: Designator=R7(3920R)
Add component (AddParameter): Name = "Add into BOM"; Value = "yes"; VariantName = "[No Variations]"
Add component (AddParameter): Name = "Channel ID"; Value = ""; VariantName = "[No Variations]"
Add component (AddParameter): Name = "Convert to PCB"; Value = "yes"; VariantName = "[No Variations]"
Add component (AddParameter): Name = "Datasheet"; Value = "https://atta.szlcsc.com/upload/public/pdf/source/20231123/B35E1474215435358D1EA89A1F2CD565.pdf"; VariantName = "[No Variations]"
Add component (AddParameter): Name = "Device"; Value = "SEWF3920F1L00P9"; VariantName = "[No Variations]"
Add component (AddParameter): Name = "Group ID"; Value = ""; VariantName = "[No Variations]"
Add component (AddParameter): Name = "JLCPCB Part Class"; Value = "扩展库"; VariantName = "[No Variations]"
Add component (AddParameter): Name = "LCSC Part Name"; Value = "1mΩ ±1% 8W"; VariantName = "[No Variations]"
Add component (AddParameter): Name = "Manufacturer"; Value = "RESI(开步睿思）"; VariantName = "[No Variations]"
Add component (AddParameter): Name = "Manufacturer Part"; Value = "SEWF3920F1L00P9"; VariantName = "[No Variations]"
Add component (AddParameter): Name = "Mounting Sytle"; Value = "贴片"; VariantName = "[No Variations]"
Add component (AddParameter): Name = "Name"; Value = ""; VariantName = "[No Variations]"
Add component (AddParameter): Name = "Power(Watts)"; Value = "8W"; VariantName = "[No Variations]"
Add component (AddParameter): Name = "Reuse Block"; Value = ""; VariantName = "[No Variations]"
Add component (AddParameter): Name = "Supplier"; Value = "LCSC"; VariantName = "[No Variations]"
Add component (AddParameter): Name = "Supplier Footprint"; Value = "3920"; VariantName = "[No Variations]"
Add component (AddParameter): Name = "Supplier Part"; Value = "C5224161"; VariantName = "[No Variations]"
Add component (AddParameter): Name = "Symbol"; Value = "SEWF3920F1L00P9"; VariantName = "[No Variations]"
Add component (AddParameter): Name = "Temperature Coefficient"; Value = "±25ppm/℃"; VariantName = "[No Variations]"
Add component (AddParameter): Name = "Tolerance"; Value = "±1%"; VariantName = "[No Variations]"
Add component (AddParameter): Name = "Type"; Value = "采样电阻"; VariantName = "[No Variations]"
Add component (AddParameter): Name = "Value"; Value = "1mΩ"; VariantName = "[No Variations]"
Added Component: Designator=R8(3920R)
Add component (AddParameter): Name = "Add into BOM"; Value = "yes"; VariantName = "[No Variations]"
Add component (AddParameter): Name = "Channel ID"; Value = ""; VariantName = "[No Variations]"
Add component (AddParameter): Name = "Convert to PCB"; Value = "yes"; VariantName = "[No Variations]"
Add component (AddParameter): Name = "Datasheet"; Value = "https://atta.szlcsc.com/upload/public/pdf/source/20231123/B35E1474215435358D1EA89A1F2CD565.pdf"; VariantName = "[No Variations]"
Add component (AddParameter): Name = "Device"; Value = "SEWF3920F1L00P9"; VariantName = "[No Variations]"
Add component (AddParameter): Name = "Group ID"; Value = ""; VariantName = "[No Variations]"
Add component (AddParameter): Name = "JLCPCB Part Class"; Value = "扩展库"; VariantName = "[No Variations]"
Add component (AddParameter): Name = "LCSC Part Name"; Value = "1mΩ ±1% 8W"; VariantName = "[No Variations]"
Add component (AddParameter): Name = "Manufacturer"; Value = "RESI(开步睿思）"; VariantName = "[No Variations]"
Add component (AddParameter): Name = "Manufacturer Part"; Value = "SEWF3920F1L00P9"; VariantName = "[No Variations]"
Add component (AddParameter): Name = "Mounting Sytle"; Value = "贴片"; VariantName = "[No Variations]"
Add component (AddParameter): Name = "Name"; Value = ""; VariantName = "[No Variations]"
Add component (AddParameter): Name = "Power(Watts)"; Value = "8W"; VariantName = "[No Variations]"
Add component (AddParameter): Name = "Reuse Block"; Value = ""; VariantName = "[No Variations]"
Add component (AddParameter): Name = "Supplier"; Value = "LCSC"; VariantName = "[No Variations]"
Add component (AddParameter): Name = "Supplier Footprint"; Value = "3920"; VariantName = "[No Variations]"
Add component (AddParameter): Name = "Supplier Part"; Value = "C5224161"; VariantName = "[No Variations]"
Add component (AddParameter): Name = "Symbol"; Value = "SEWF3920F1L00P9"; VariantName = "[No Variations]"
Add component (AddParameter): Name = "Temperature Coefficient"; Value = "±25ppm/℃"; VariantName = "[No Variations]"
Add component (AddParameter): Name = "Tolerance"; Value = "±1%"; VariantName = "[No Variations]"
Add component (AddParameter): Name = "Type"; Value = "采样电阻"; VariantName = "[No Variations]"
Add component (AddParameter): Name = "Value"; Value = "1mΩ"; VariantName = "[No Variations]"
Added Pin To Net: NetName=U Pin=J1-1
Added Pin To Net: NetName=U Pin=J1-1
Added Pin To Net: NetName=U Pin=J1-1
Added Pin To Net: NetName=U Pin=J1-1
Added Pin To Net: NetName=U Pin=J1-1
Added Pin To Net: NetName=U Pin=J1-1
Added Pin To Net: NetName=U Pin=J1-1
Added Pin To Net: NetName=U Pin=J1-1
Added Pin To Net: NetName=U Pin=J1-1
Added Pin To Net: NetName=V Pin=J2-1
Added Pin To Net: NetName=V Pin=J2-1
Added Pin To Net: NetName=V Pin=J2-1
Added Pin To Net: NetName=V Pin=J2-1
Added Pin To Net: NetName=V Pin=J2-1
Added Pin To Net: NetName=V Pin=J2-1
Added Pin To Net: NetName=V Pin=J2-1
Added Pin To Net: NetName=V Pin=J2-1
Added Pin To Net: NetName=V Pin=J2-1
Added Pin To Net: NetName=W Pin=J3-1
Added Pin To Net: NetName=W Pin=J3-1
Added Pin To Net: NetName=W Pin=J3-1
Added Pin To Net: NetName=W Pin=J3-1
Added Pin To Net: NetName=W Pin=J3-1
Added Pin To Net: NetName=W Pin=J3-1
Added Pin To Net: NetName=W Pin=J3-1
Added Pin To Net: NetName=W Pin=J3-1
Added Pin To Net: NetName=W Pin=J3-1
Added Pin To Net: NetName=DCBUS Pin=J6-1
Added Pin To Net: NetName=DCBUS Pin=J6-1
Added Pin To Net: NetName=DCBUS Pin=J6-1
Added Pin To Net: NetName=DCBUS Pin=J6-1
Added Pin To Net: NetName=DCBUS Pin=J6-1
Added Pin To Net: NetName=DCBUS Pin=J6-1
Added Pin To Net: NetName=DCBUS Pin=J6-1
Added Pin To Net: NetName=DCBUS Pin=J6-1
Added Pin To Net: NetName=DCBUS Pin=J6-1
Added Pin To Net: NetName=PGND Pin=J7-1
Added Pin To Net: NetName=PGND Pin=J7-1
Added Pin To Net: NetName=PGND Pin=J7-1
Added Pin To Net: NetName=PGND Pin=J7-1
Added Pin To Net: NetName=PGND Pin=J7-1
Added Pin To Net: NetName=PGND Pin=J7-1
Added Pin To Net: NetName=PGND Pin=J7-1
Added Pin To Net: NetName=PGND Pin=J7-1
Added Pin To Net: NetName=PGND Pin=J7-1
Added Pin To Net: NetName=SH_A Pin=Q1-2
Added Pin To Net: NetName=SH_A Pin=Q1-3
Added Pin To Net: NetName=SH_B Pin=Q2-2
Added Pin To Net: NetName=SH_B Pin=Q2-3
Added Pin To Net: NetName=SH_C Pin=Q3-2
Added Pin To Net: NetName=SH_C Pin=Q3-3
Added Pin To Net: NetName=PGND Pin=Q4-2
Added Pin To Net: NetName=PGND Pin=Q4-3
Added Pin To Net: NetName=PGND Pin=Q5-2
Added Pin To Net: NetName=PGND Pin=Q5-3
Added Pin To Net: NetName=PGND Pin=Q6-2
Added Pin To Net: NetName=PGND Pin=Q6-3
Added Pin To Net: NetName=SH_A Pin=R6-1
Added Pin To Net: NetName=U Pin=R6-2
Added Pin To Net: NetName=SH_B Pin=R7-1
Added Pin To Net: NetName=V Pin=R7-2
Added Pin To Net: NetName=SH_C Pin=R8-1
Added Pin To Net: NetName=W Pin=R8-2
Added Pin To Net: NetName=NetQ1_1 Pin=Q1-1
Added Pin To Net: NetName=NetQ1_1 Pin=R1-2
Added Net: Name=NetQ1_1
Added Pin To Net: NetName=NetQ2_1 Pin=Q2-1
Added Pin To Net: NetName=NetQ2_1 Pin=R2-2
Added Net: Name=NetQ2_1
Added Pin To Net: NetName=NetQ3_1 Pin=Q3-1
Added Pin To Net: NetName=NetQ3_1 Pin=R4-2
Added Net: Name=NetQ3_1
Added Pin To Net: NetName=NetQ4_1 Pin=Q4-1
Added Pin To Net: NetName=NetQ4_1 Pin=R9-2
Added Net: Name=NetQ4_1
Added Pin To Net: NetName=NetQ5_1 Pin=Q5-1
Added Pin To Net: NetName=NetQ5_1 Pin=R10-2
Added Net: Name=NetQ5_1
Added Pin To Net: NetName=NetQ6_1 Pin=Q6-1
Added Pin To Net: NetName=NetQ6_1 Pin=R11-2
Added Net: Name=NetQ6_1
Change Class Name : Old Net Name=Driver New Net Name=DriverV3.0
Added Member To Class: ClassName=DriverV3.0 Member=Component J1 Pad
Added Member To Class: ClassName=DriverV3.0 Member=Component J2 Pad
Added Member To Class: ClassName=DriverV3.0 Member=Component J3 Pad
Added Member To Class: ClassName=DriverV3.0 Member=Component J6 Pad
Added Member To Class: ClassName=DriverV3.0 Member=Component J7 Pad
Added Member To Class: ClassName=DriverV3.0 Member=Component Q1 HYG006N04LS1TA
Added Member To Class: ClassName=DriverV3.0 Member=Component Q2 HYG006N04LS1TA
Added Member To Class: ClassName=DriverV3.0 Member=Component Q3 HYG006N04LS1TA
Added Member To Class: ClassName=DriverV3.0 Member=Component Q4 HYG006N04LS1TA
Added Member To Class: ClassName=DriverV3.0 Member=Component Q5 HYG006N04LS1TA
Added Member To Class: ClassName=DriverV3.0 Member=Component Q6 HYG006N04LS1TA
Added Member To Class: ClassName=DriverV3.0 Member=Component R6 1mR
Added Member To Class: ClassName=DriverV3.0 Member=Component R7 1mR
Added Member To Class: ClassName=DriverV3.0 Member=Component R8 1mR
